20 April 2021  14:43:280 START Network GAME
20 April 2021  14:43:32 GAME NETWORK RUN
20 April 2021  14:46:20  GAME OVER
20 April 2021  16:13:550 START Network GAME
20 April 2021  16:14:00 GAME NETWORK RUN
20 April 2021  16:16:28  GAME OVER
20 April 2021  16:17:16  NETWORK
20 April 2021  16:17:28 LEAGUE: BRONZE
20 April 2021  16:17:28  SELECT AUTO BRONZE
20 April 2021  16:17:311 START Network GAME
20 April 2021  16:17:35 GAME NETWORK RUN
20 April 2021  16:20:28  GAME OVER
20 April 2021  16:21:07  NETWORK
20 April 2021  16:21:19 LEAGUE: BRONZE
20 April 2021  16:21:19  SELECT AUTO BRONZE
20 April 2021  16:21:222 START Network GAME
20 April 2021  16:21:26 GAME NETWORK RUN
20 April 2021  16:24:05  GAME OVER
20 April 2021  16:25:01  NETWORK
20 April 2021  16:25:17 LEAGUE: SILVER
20 April 2021  16:25:17  SELECT AUTO SILVER
20 April 2021  16:25:203 START Network GAME
20 April 2021  16:25:24 GAME NETWORK RUN
25 April 2021  23:12:110 START Network GAME
25 April 2021  23:12:16 GAME NETWORK RUN
25 April 2021  23:15:03  GAME OVER
